#
# There is insufficient memory for the Java Runtime Environment to continue.
# Native memory allocation (malloc) failed to allocate 1048576 bytes for AllocateHeap
# Possible reasons:
#   The system is out of physical RAM or swap space
#   The process is running with CompressedOops enabled, and the Java Heap may be blocking the growth of the native heap
# Possible solutions:
#   Reduce memory load on the system
#   Increase physical memory or swap space
#   Check if swap backing store is full
#   Decrease Java heap size (-Xmx/-Xms)
#   Decrease number of Java threads
#   Decrease Java thread stack sizes (-Xss)
#   Set larger code cache with -XX:ReservedCodeCacheSize=
#   JVM is running with Unscaled Compressed Oops mode in which the Java heap is
#     placed in the first 4GB address space. The Java Heap base address is the
#     maximum limit for the native heap growth. Please use -XX:HeapBaseMinAddress
#     to set the Java Heap base and to place the Java Heap above 4GB virtual address.
# This output file may be truncated or incomplete.
#
#  Out of Memory Error (allocation.cpp:44), pid=52164, tid=13080
#
# JRE version: OpenJDK Runtime Environment Temurin-17.0.8.1+1 (17.0.8.1+1) (build 17.0.8.1+1)
# Java VM: OpenJDK 64-Bit Server VM Temurin-17.0.8.1+1 (17.0.8.1+1, mixed mode, emulated-client, tiered, compressed oops, compressed class ptrs, g1 gc, windows-amd64)
# No core dump will be written. Minidumps are not enabled by default on client versions of Windows
#

---------------  S U M M A R Y ------------

Command Line: -XX:+HeapDumpOnOutOfMemoryError -Xmx1024m -Dsts.lsp.client=vscode -Dsts.log.file=/dev/null -XX:TieredStopAtLevel=1 -Xlog:jni+resolve=off -Dspring.config.location=file:c:\Users\jensc_p34tez8\.vscode\extensions\vmware.vscode-spring-boot-1.49.0\language-server\BOOT-INF\classes\application.properties org.springframework.ide.vscode.boot.app.BootLanguageServerBootApp

Host: 11th Gen Intel(R) Core(TM) i5-1135G7 @ 2.40GHz, 8 cores, 7G,  Windows 11 , 64 bit Build 22621 (10.0.22621.2428)
Time: Sat Oct 14 16:33:56 2023 Eastern Daylight Time elapsed time: 129.097482 seconds (0d 0h 2m 9s)

---------------  T H R E A D  ---------------

Current thread (0x000001702a69b260):  VMThread "VM Thread" [stack: 0x000000256b800000,0x000000256b900000] [id=13080]

Stack: [0x000000256b800000,0x000000256b900000]
Native frames: (J=compiled Java code, j=interpreted, Vv=VM code, C=native code)
V  [jvm.dll+0x678b0a]
V  [jvm.dll+0x835e84]
V  [jvm.dll+0x83762e]
V  [jvm.dll+0x837c93]
V  [jvm.dll+0x24746f]
V  [jvm.dll+0xa697b]
V  [jvm.dll+0x2f7eb3]
V  [jvm.dll+0x2f3b80]
V  [jvm.dll+0x2dc1c7]
V  [jvm.dll+0x31f227]
V  [jvm.dll+0x83c15b]
V  [jvm.dll+0x83ce94]
V  [jvm.dll+0x83d3ac]
V  [jvm.dll+0x83d784]
V  [jvm.dll+0x83d850]
V  [jvm.dll+0x7e64ca]
V  [jvm.dll+0x677955]
C  [ucrtbase.dll+0x29363]
C  [KERNEL32.DLL+0x1257d]
C  [ntdll.dll+0x5aa78]

VM_Operation (0x000000256c7feaf0): G1CollectFull, mode: safepoint, requested by thread 0x000001702f58e630


---------------  P R O C E S S  ---------------

Threads class SMR info:
_java_thread_list=0x000001702feaebc0, length=18, elements={
0x000001702a6eb140, 0x000001702a6ec1b0, 0x000001702a715820, 0x000001702a7160f0,
0x000001702a7169c0, 0x000001702a83a470, 0x000001702a83d4f0, 0x000001702a83e5a0,
0x000001702aa43520, 0x000001702aa4aa10, 0x0000017030100280, 0x000001702f58e630,
0x000001702a89d300, 0x000001701f8c0920, 0x00000170302958d0, 0x000001702a97f1a0,
0x000001702a9af860, 0x00000170301f94b0
}

Java Threads: ( => current thread )
  0x000001702a6eb140 JavaThread "Reference Handler" daemon [_thread_blocked, id=50440, stack(0x000000256b900000,0x000000256ba00000)]
  0x000001702a6ec1b0 JavaThread "Finalizer" daemon [_thread_blocked, id=48168, stack(0x000000256ba00000,0x000000256bb00000)]
  0x000001702a715820 JavaThread "Signal Dispatcher" daemon [_thread_blocked, id=49504, stack(0x000000256bb00000,0x000000256bc00000)]
  0x000001702a7160f0 JavaThread "Attach Listener" daemon [_thread_blocked, id=13472, stack(0x000000256bc00000,0x000000256bd00000)]
  0x000001702a7169c0 JavaThread "Service Thread" daemon [_thread_blocked, id=44084, stack(0x000000256bd00000,0x000000256be00000)]
  0x000001702a83a470 JavaThread "Monitor Deflation Thread" daemon [_thread_blocked, id=41820, stack(0x000000256be00000,0x000000256bf00000)]
  0x000001702a83d4f0 JavaThread "C1 CompilerThread0" daemon [_thread_blocked, id=52328, stack(0x000000256bf00000,0x000000256c000000)]
  0x000001702a83e5a0 JavaThread "Sweeper thread" daemon [_thread_blocked, id=5440, stack(0x000000256c000000,0x000000256c100000)]
  0x000001702aa43520 JavaThread "Notification Thread" daemon [_thread_blocked, id=53976, stack(0x000000256c100000,0x000000256c200000)]
  0x000001702aa4aa10 JavaThread "Common-Cleaner" daemon [_thread_blocked, id=53048, stack(0x000000256c300000,0x000000256c400000)]
  0x0000017030100280 JavaThread "boundedElastic-evictor-1" daemon [_thread_blocked, id=28264, stack(0x000000256cc00000,0x000000256cd00000)]
  0x000001702f58e630 JavaThread "pool-11-thread-1" [_thread_blocked, id=53488, stack(0x000000256c700000,0x000000256c800000)]
  0x000001702a89d300 JavaThread "LanguageServerApp-lifecycle" [_thread_blocked, id=52192, stack(0x000000256ce00000,0x000000256cf00000)]
  0x000001701f8c0920 JavaThread "DestroyJavaVM" [_thread_blocked, id=44920, stack(0x000000256b200000,0x000000256b300000)]
  0x00000170302958d0 JavaThread "pool-12-thread-1" [_thread_in_native, id=44788, stack(0x000000256cf00000,0x000000256d000000)]
  0x000001702a97f1a0 JavaThread "Simple-Language-Server main thread" daemon [_thread_blocked, id=49372, stack(0x000000256d000000,0x000000256d100000)]
  0x000001702a9af860 JavaThread "parallel-1" daemon [_thread_blocked, id=8108, stack(0x000000256d200000,0x000000256d300000)]
  0x00000170301f94b0 JavaThread "Reconciler-1" daemon [_thread_blocked, id=35028, stack(0x000000256d400000,0x000000256d500000)]

Other Threads:
=>0x000001702a69b260 VMThread "VM Thread" [stack: 0x000000256b800000,0x000000256b900000] [id=13080]
  0x000001702aa465c0 WatcherThread [stack: 0x000000256c200000,0x000000256c300000] [id=54168]
  0x000001701f900d00 GCTaskThread "GC Thread#0" [stack: 0x000000256b300000,0x000000256b400000] [id=11288]
  0x000001702f7b3620 GCTaskThread "GC Thread#1" [stack: 0x000000256c400000,0x000000256c500000] [id=27224]
  0x000001702f83e1a0 GCTaskThread "GC Thread#2" [stack: 0x000000256c500000,0x000000256c600000] [id=48048]
  0x000001702f83e460 GCTaskThread "GC Thread#3" [stack: 0x000000256c600000,0x000000256c700000] [id=38008]
  0x000001702fa79010 GCTaskThread "GC Thread#4" [stack: 0x000000256c800000,0x000000256c900000] [id=46400]
  0x000001702fa792d0 GCTaskThread "GC Thread#5" [stack: 0x000000256c900000,0x000000256ca00000] [id=44556]
  0x000001702fa79590 GCTaskThread "GC Thread#6" [stack: 0x000000256ca00000,0x000000256cb00000] [id=33716]
  0x000001702fa79850 GCTaskThread "GC Thread#7" [stack: 0x000000256cb00000,0x000000256cc00000] [id=16512]
  0x000001701f90b310 ConcurrentGCThread "G1 Main Marker" [stack: 0x000000256b400000,0x000000256b500000] [id=27680]
  0x000001701f90bc30 ConcurrentGCThread "G1 Conc#0" [stack: 0x000000256b500000,0x000000256b600000] [id=52952]
  0x000001702fb3a210 ConcurrentGCThread "G1 Conc#1" [stack: 0x000000256cd00000,0x000000256ce00000] [id=49976]
  0x000001702a5340b0 ConcurrentGCThread "G1 Refine#0" [stack: 0x000000256b600000,0x000000256b700000] [id=27852]
  0x000001702a5349f0 ConcurrentGCThread "G1 Service" [stack: 0x000000256b700000,0x000000256b800000] [id=46296]

Threads with active compile tasks:

VM state: at safepoint (normal execution)

VM Mutex/Monitor currently owned by a thread:  ([mutex/lock_event])
[0x000001701d671670] Threads_lock - owner thread: 0x000001702a69b260
[0x000001701f8bedb0] Heap_lock - owner thread: 0x000001702f58e630

Heap address: 0x00000000c0000000, size: 1024 MB, Compressed Oops mode: 32-bit

CDS archive(s) not mapped
Compressed class space mapped at: 0x0000000100000000-0x0000000140000000, reserved size: 1073741824
Narrow klass base: 0x0000000000000000, Narrow klass shift: 3, Narrow klass range: 0x140000000

GC Precious Log:
 CPUs: 8 total, 8 available
 Memory: 7882M
 Large Page Support: Disabled
 NUMA Support: Disabled
 Compressed Oops: Enabled (32-bit)
 Heap Region Size: 1M
 Heap Min Capacity: 8M
 Heap Initial Capacity: 124M
 Heap Max Capacity: 1G
 Pre-touch: Disabled
 Parallel Workers: 8
 Concurrent Workers: 2
 Concurrent Refinement Workers: 8
 Periodic GC: Disabled

Heap:
 garbage-first heap   total 58368K, used 17393K [0x00000000c0000000, 0x0000000100000000)
  region size 1024K, 1 young (1024K), 0 survivors (0K)
 Metaspace       used 38902K, committed 39488K, reserved 1114112K
  class space    used 5142K, committed 5376K, reserved 1048576K

Heap Regions: E=young(eden), S=young(survivor), O=old, HS=humongous(starts), HC=humongous(continues), CS=collection set, F=free, OA=open archive, CA=closed archive, TAMS=top-at-mark-start (previous, next)
|   0|0x00000000c0000000, 0x00000000c0100000, 0x00000000c0100000|100%| O|  |TAMS 0x00000000c0100000, 0x00000000c0000000| Untracked 
|   1|0x00000000c0100000, 0x00000000c0200000, 0x00000000c0200000|100%| O|  |TAMS 0x00000000c0200000, 0x00000000c0100000| Untracked 
|   2|0x00000000c0200000, 0x00000000c0300000, 0x00000000c0300000|100%| O|  |TAMS 0x00000000c0300000, 0x00000000c0200000| Untracked 
|   3|0x00000000c0300000, 0x00000000c0400000, 0x00000000c0400000|100%| O|  |TAMS 0x00000000c0400000, 0x00000000c0300000| Untracked 
|   4|0x00000000c0400000, 0x00000000c0500000, 0x00000000c0500000|100%| O|  |TAMS 0x00000000c0500000, 0x00000000c0400000| Untracked 
|   5|0x00000000c0500000, 0x00000000c05ffff8, 0x00000000c0600000| 99%| O|  |TAMS 0x00000000c05ffff8, 0x00000000c0500000| Untracked 
|   6|0x00000000c0600000, 0x00000000c0700000, 0x00000000c0700000|100%| O|  |TAMS 0x00000000c0600000, 0x00000000c0600000| Untracked 
|   7|0x00000000c0700000, 0x00000000c07fffe8, 0x00000000c0800000| 99%| O|  |TAMS 0x00000000c07fffe8, 0x00000000c0700000| Untracked 
|   8|0x00000000c0800000, 0x00000000c08ffff0, 0x00000000c0900000| 99%| O|  |TAMS 0x00000000c0800000, 0x00000000c0800000| Untracked 
|   9|0x00000000c0900000, 0x00000000c09ffff0, 0x00000000c0a00000| 99%| O|  |TAMS 0x00000000c0900000, 0x00000000c0900000| Untracked 
|  10|0x00000000c0a00000, 0x00000000c0afffe8, 0x00000000c0b00000| 99%| O|  |TAMS 0x00000000c0a00000, 0x00000000c0a00000| Untracked 
|  11|0x00000000c0b00000, 0x00000000c0bffff0, 0x00000000c0c00000| 99%| O|  |TAMS 0x00000000c0b00000, 0x00000000c0b00000| Untracked 
|  12|0x00000000c0c00000, 0x00000000c0cfffe8, 0x00000000c0d00000| 99%| O|  |TAMS 0x00000000c0c00000, 0x00000000c0c00000| Untracked 
|  13|0x00000000c0d00000, 0x00000000c0dffff8, 0x00000000c0e00000| 99%| O|  |TAMS 0x00000000c0d00000, 0x00000000c0d00000| Untracked 
|  14|0x00000000c0e00000, 0x00000000c0effff0, 0x00000000c0f00000| 99%| O|  |TAMS 0x00000000c0e00000, 0x00000000c0e00000| Untracked 
|  15|0x00000000c0f00000, 0x00000000c0f8b688, 0x00000000c1000000| 54%| O|  |TAMS 0x00000000c0f00000, 0x00000000c0f00000| Untracked 
|  16|0x00000000c1000000, 0x00000000c10fffd8, 0x00000000c1100000| 99%| O|  |TAMS 0x00000000c1000000, 0x00000000c1000000| Untracked 
|  17|0x00000000c1100000, 0x00000000c1100000, 0x00000000c1200000|  0%| F|  |TAMS 0x00000000c1100000, 0x00000000c1100000| Untracked 
|  18|0x00000000c1200000, 0x00000000c12710b0, 0x00000000c1300000| 44%| O|  |TAMS 0x00000000c1200000, 0x00000000c1200000| Untracked 
|  19|0x00000000c1300000, 0x00000000c1300000, 0x00000000c1400000|  0%| F|  |TAMS 0x00000000c1300000, 0x00000000c1300000| Untracked 
|  20|0x00000000c1400000, 0x00000000c1400000, 0x00000000c1500000|  0%| F|  |TAMS 0x00000000c1400000, 0x00000000c1400000| Untracked 
|  21|0x00000000c1500000, 0x00000000c1500000, 0x00000000c1600000|  0%| F|  |TAMS 0x00000000c1500000, 0x00000000c1500000| Untracked 
|  22|0x00000000c1600000, 0x00000000c1600000, 0x00000000c1700000|  0%| F|  |TAMS 0x00000000c1600000, 0x00000000c1600000| Untracked 
|  23|0x00000000c1700000, 0x00000000c1700000, 0x00000000c1800000|  0%| F|  |TAMS 0x00000000c1700000, 0x00000000c1700000| Untracked 
|  24|0x00000000c1800000, 0x00000000c1800000, 0x00000000c1900000|  0%| F|  |TAMS 0x00000000c1800000, 0x00000000c1800000| Untracked 
|  25|0x00000000c1900000, 0x00000000c1900000, 0x00000000c1a00000|  0%| F|  |TAMS 0x00000000c1900000, 0x00000000c1900000| Untracked 
|  26|0x00000000c1a00000, 0x00000000c1a00000, 0x00000000c1b00000|  0%| F|  |TAMS 0x00000000c1a00000, 0x00000000c1a00000| Untracked 
|  27|0x00000000c1b00000, 0x00000000c1b00000, 0x00000000c1c00000|  0%| F|  |TAMS 0x00000000c1b00000, 0x00000000c1b00000| Untracked 
|  28|0x00000000c1c00000, 0x00000000c1c00000, 0x00000000c1d00000|  0%| F|  |TAMS 0x00000000c1c00000, 0x00000000c1c00000| Untracked 
|  29|0x00000000c1d00000, 0x00000000c1d00000, 0x00000000c1e00000|  0%| F|  |TAMS 0x00000000c1d00000, 0x00000000c1d00000| Untracked 
|  30|0x00000000c1e00000, 0x00000000c1e00000, 0x00000000c1f00000|  0%| F|  |TAMS 0x00000000c1e00000, 0x00000000c1e00000| Untracked 
|  31|0x00000000c1f00000, 0x00000000c1f00000, 0x00000000c2000000|  0%| F|  |TAMS 0x00000000c1f00000, 0x00000000c1f00000| Untracked 
|  32|0x00000000c2000000, 0x00000000c2000000, 0x00000000c2100000|  0%| F|  |TAMS 0x00000000c2000000, 0x00000000c2000000| Untracked 
|  33|0x00000000c2100000, 0x00000000c2100000, 0x00000000c2200000|  0%| F|  |TAMS 0x00000000c2100000, 0x00000000c2100000| Untracked 
|  34|0x00000000c2200000, 0x00000000c2200000, 0x00000000c2300000|  0%| F|  |TAMS 0x00000000c2200000, 0x00000000c2200000| Untracked 
|  35|0x00000000c2300000, 0x00000000c2300000, 0x00000000c2400000|  0%| F|  |TAMS 0x00000000c2300000, 0x00000000c2300000| Untracked 
|  36|0x00000000c2400000, 0x00000000c2400000, 0x00000000c2500000|  0%| F|  |TAMS 0x00000000c2400000, 0x00000000c2400000| Untracked 
|  37|0x00000000c2500000, 0x00000000c2500000, 0x00000000c2600000|  0%| F|  |TAMS 0x00000000c2500000, 0x00000000c2500000| Untracked 
|  38|0x00000000c2600000, 0x00000000c2600000, 0x00000000c2700000|  0%| F|  |TAMS 0x00000000c2600000, 0x00000000c2600000| Untracked 
|  39|0x00000000c2700000, 0x00000000c2700000, 0x00000000c2800000|  0%| F|  |TAMS 0x00000000c2700000, 0x00000000c2700000| Untracked 
|  40|0x00000000c2800000, 0x00000000c2800000, 0x00000000c2900000|  0%| F|  |TAMS 0x00000000c2800000, 0x00000000c2800000| Untracked 
|  41|0x00000000c2900000, 0x00000000c2900000, 0x00000000c2a00000|  0%| F|  |TAMS 0x00000000c2900000, 0x00000000c2900000| Untracked 
|  42|0x00000000c2a00000, 0x00000000c2a00000, 0x00000000c2b00000|  0%| F|  |TAMS 0x00000000c2a00000, 0x00000000c2a00000| Untracked 
|  43|0x00000000c2b00000, 0x00000000c2b00000, 0x00000000c2c00000|  0%| F|  |TAMS 0x00000000c2b00000, 0x00000000c2b00000| Untracked 
|  44|0x00000000c2c00000, 0x00000000c2c00000, 0x00000000c2d00000|  0%| F|  |TAMS 0x00000000c2c00000, 0x00000000c2c00000| Untracked 
|  45|0x00000000c2d00000, 0x00000000c2d00000, 0x00000000c2e00000|  0%| F|  |TAMS 0x00000000c2d00000, 0x00000000c2d00000| Untracked 
|  46|0x00000000c2e00000, 0x00000000c2e00000, 0x00000000c2f00000|  0%| F|  |TAMS 0x00000000c2e00000, 0x00000000c2e00000| Untracked 
|  47|0x00000000c2f00000, 0x00000000c2f00000, 0x00000000c3000000|  0%| F|  |TAMS 0x00000000c2f00000, 0x00000000c2f00000| Untracked 
|  48|0x00000000c3000000, 0x00000000c3000000, 0x00000000c3100000|  0%| F|  |TAMS 0x00000000c3000000, 0x00000000c3000000| Untracked 
|  49|0x00000000c3100000, 0x00000000c3100000, 0x00000000c3200000|  0%| F|  |TAMS 0x00000000c3100000, 0x00000000c3100000| Untracked 
|  50|0x00000000c3200000, 0x00000000c3200000, 0x00000000c3300000|  0%| F|  |TAMS 0x00000000c3200000, 0x00000000c3200000| Untracked 
|  51|0x00000000c3300000, 0x00000000c3300000, 0x00000000c3400000|  0%| F|  |TAMS 0x00000000c3300000, 0x00000000c3300000| Untracked 
|  94|0x00000000c5e00000, 0x00000000c5e00000, 0x00000000c5f00000|  0%| F|  |TAMS 0x00000000c5e00000, 0x00000000c5e00000| Untracked 
|  98|0x00000000c6200000, 0x00000000c6200000, 0x00000000c6300000|  0%| F|  |TAMS 0x00000000c6200000, 0x00000000c6200000| Untracked 
|  99|0x00000000c6300000, 0x00000000c6300000, 0x00000000c6400000|  0%| F|  |TAMS 0x00000000c6300000, 0x00000000c6300000| Untracked 
| 122|0x00000000c7a00000, 0x00000000c7a00000, 0x00000000c7b00000|  0%| F|  |TAMS 0x00000000c7a00000, 0x00000000c7a00000| Untracked 
| 123|0x00000000c7b00000, 0x00000000c7b19ad8, 0x00000000c7c00000| 10%| E|  |TAMS 0x00000000c7b00000, 0x00000000c7b00000| Complete 

Card table byte_map: [0x0000017025840000,0x0000017025a40000] _byte_map_base: 0x0000017025240000

Marking Bits (Prev, Next): (CMBitMap*) 0x000001701f901230, (CMBitMap*) 0x000001701f901270
 Prev Bits: [0x0000017025c40000, 0x0000017026c40000)
 Next Bits: [0x0000017026c40000, 0x0000017027c40000)

Polling page: 0x000001701f070000

Metaspace:

Usage:
  Non-class:     32.97 MB used.
      Class:      5.02 MB used.
       Both:     37.99 MB used.

Virtual space:
  Non-class space:       64.00 MB reserved,      33.31 MB ( 52%) committed,  1 nodes.
      Class space:        1.00 GB reserved,       5.25 MB ( <1%) committed,  1 nodes.
             Both:        1.06 GB reserved,      38.56 MB (  4%) committed. 

Chunk freelists:
   Non-Class:  14.17 MB
       Class:  10.75 MB
        Both:  24.93 MB

MaxMetaspaceSize: unlimited
CompressedClassSpaceSize: 1.00 GB
Initial GC threshold: 21.00 MB
Current GC threshold: 64.31 MB
CDS: off
MetaspaceReclaimPolicy: balanced
 - commit_granule_bytes: 65536.
 - commit_granule_words: 8192.
 - virtual_space_node_default_size: 8388608.
 - enlarge_chunks_in_place: 1.
 - new_chunks_are_fully_committed: 0.
 - uncommit_free_chunks: 1.
 - use_allocation_guard: 0.
 - handle_deallocations: 1.


Internal statistics:

num_allocs_failed_limit: 8.
num_arena_births: 474.
num_arena_deaths: 134.
num_vsnodes_births: 2.
num_vsnodes_deaths: 0.
num_space_committed: 617.
num_space_uncommitted: 0.
num_chunks_returned_to_freelist: 158.
num_chunks_taken_from_freelist: 1636.
num_chunk_merges: 48.
num_chunk_splits: 1130.
num_chunks_enlarged: 863.
num_inconsistent_stats: 0.

CodeCache: size=49152Kb used=6578Kb max_used=6578Kb free=42573Kb
 bounds [0x0000017022530000, 0x0000017022ba0000, 0x0000017025530000]
 total_blobs=4069 nmethods=3528 adapters=468
 compilation: enabled
              stopped_count=0, restarted_count=0
 full_count=0

Compilation events (20 events):
Event: 56.556 Thread 0x000001702a83d4f0 3529       1       java.util.regex.Pattern::range (294 bytes)
Event: 56.561 Thread 0x000001702a83d4f0 nmethod 3529 0x00000170227eaf10 code [0x00000170227eb240, 0x00000170227ebe88]
Event: 56.561 Thread 0x000001702a83d4f0 3530       1       org.antlr.v4.runtime.ParserRuleContext::<init> (7 bytes)
Event: 56.561 Thread 0x000001702a83d4f0 nmethod 3530 0x0000017022b99890 code [0x0000017022b99a20, 0x0000017022b99b38]
Event: 56.561 Thread 0x000001702a83d4f0 3531       1       org.antlr.v4.runtime.RuleContext::<init> (20 bytes)
Event: 56.561 Thread 0x000001702a83d4f0 nmethod 3531 0x0000017022b99b90 code [0x0000017022b99d20, 0x0000017022b99e38]
Event: 56.561 Thread 0x000001702a83d4f0 3532       1       org.antlr.v4.runtime.Parser::enterRule (50 bytes)
Event: 56.562 Thread 0x000001702a83d4f0 nmethod 3532 0x0000017022b99e90 code [0x0000017022b9a060, 0x0000017022b9a308]
Event: 56.562 Thread 0x000001702a83d4f0 3525   !   1       org.antlr.v4.runtime.atn.LexerATNSimulator::match (96 bytes)
Event: 56.563 Thread 0x000001702a83d4f0 nmethod 3525 0x0000017022b9a510 code [0x0000017022b9a6e0, 0x0000017022b9a9f8]
Event: 56.563 Thread 0x000001702a83d4f0 3526       1       org.antlr.v4.runtime.atn.LexerATNSimulator$SimState::reset (21 bytes)
Event: 56.563 Thread 0x000001702a83d4f0 nmethod 3526 0x0000017022b9ad90 code [0x0000017022b9af20, 0x0000017022b9b018]
Event: 56.563 Thread 0x000001702a83d4f0 3528       1       org.antlr.v4.runtime.atn.LexerATNSimulator::consume (49 bytes)
Event: 56.563 Thread 0x000001702a83d4f0 nmethod 3528 0x0000017022b9b090 code [0x0000017022b9b240, 0x0000017022b9b3f8]
Event: 56.586 Thread 0x000001702a83d4f0 3533       1       jdk.internal.reflect.DelegatingMethodAccessorImpl::setDelegate (6 bytes)
Event: 56.586 Thread 0x000001702a83d4f0 nmethod 3533 0x0000017022b9b510 code [0x0000017022b9b6a0, 0x0000017022b9b7b8]
Event: 56.586 Thread 0x000001702a83d4f0 3534       1       com.google.gson.internal.$Gson$Types$ParameterizedTypeImpl::getOwnerType (5 bytes)
Event: 56.587 Thread 0x000001702a83d4f0 nmethod 3534 0x0000017022b9b810 code [0x0000017022b9b9a0, 0x0000017022b9ba78]
Event: 56.593 Thread 0x000001702a83d4f0 3535       1       java.lang.Class::getDeclaredConstructor (31 bytes)
Event: 56.594 Thread 0x000001702a83d4f0 nmethod 3535 0x0000017022b9bb10 code [0x0000017022b9bd00, 0x0000017022b9c018]

GC Heap History (20 events):
Event: 9.120 GC heap before
{Heap before GC invocations=0 (full 0):
 garbage-first heap   total 126976K, used 22528K [0x00000000c0000000, 0x0000000100000000)
  region size 1024K, 23 young (23552K), 0 survivors (0K)
 Metaspace       used 8954K, committed 9088K, reserved 1114112K
  class space    used 1048K, committed 1088K, reserved 1048576K
}
Event: 9.190 GC heap after
{Heap after GC invocations=1 (full 0):
 garbage-first heap   total 126976K, used 8844K [0x00000000c0000000, 0x0000000100000000)
  region size 1024K, 3 young (3072K), 3 survivors (3072K)
 Metaspace       used 8954K, committed 9088K, reserved 1114112K
  class space    used 1048K, committed 1088K, reserved 1048576K
}
Event: 11.043 GC heap before
{Heap before GC invocations=1 (full 0):
 garbage-first heap   total 126976K, used 31372K [0x00000000c0000000, 0x0000000100000000)
  region size 1024K, 26 young (26624K), 3 survivors (3072K)
 Metaspace       used 16029K, committed 16192K, reserved 1114112K
  class space    used 1993K, committed 2048K, reserved 1048576K
}
Event: 11.062 GC heap after
{Heap after GC invocations=2 (full 0):
 garbage-first heap   total 126976K, used 11926K [0x00000000c0000000, 0x0000000100000000)
  region size 1024K, 3 young (3072K), 3 survivors (3072K)
 Metaspace       used 16029K, committed 16192K, reserved 1114112K
  class space    used 1993K, committed 2048K, reserved 1048576K
}
Event: 12.177 GC heap before
{Heap before GC invocations=2 (full 0):
 garbage-first heap   total 126976K, used 34454K [0x00000000c0000000, 0x0000000100000000)
  region size 1024K, 27 young (27648K), 3 survivors (3072K)
 Metaspace       used 21277K, committed 21504K, reserved 1114112K
  class space    used 2642K, committed 2752K, reserved 1048576K
}
Event: 12.189 GC heap after
{Heap after GC invocations=3 (full 0):
 garbage-first heap   total 126976K, used 14086K [0x00000000c0000000, 0x0000000100000000)
  region size 1024K, 3 young (3072K), 3 survivors (3072K)
 Metaspace       used 21277K, committed 21504K, reserved 1114112K
  class space    used 2642K, committed 2752K, reserved 1048576K
}
Event: 13.299 GC heap before
{Heap before GC invocations=4 (full 0):
 garbage-first heap   total 58368K, used 41734K [0x00000000c0000000, 0x0000000100000000)
  region size 1024K, 32 young (32768K), 3 survivors (3072K)
 Metaspace       used 27019K, committed 27328K, reserved 1114112K
  class space    used 3378K, committed 3520K, reserved 1048576K
}
Event: 13.309 GC heap after
{Heap after GC invocations=5 (full 0):
 garbage-first heap   total 58368K, used 16115K [0x00000000c0000000, 0x0000000100000000)
  region size 1024K, 5 young (5120K), 5 survivors (5120K)
 Metaspace       used 27019K, committed 27328K, reserved 1114112K
  class space    used 3378K, committed 3520K, reserved 1048576K
}
Event: 13.327 GC heap before
{Heap before GC invocations=5 (full 0):
 garbage-first heap   total 58368K, used 16115K [0x00000000c0000000, 0x0000000100000000)
  region size 1024K, 6 young (6144K), 5 survivors (5120K)
 Metaspace       used 27177K, committed 27456K, reserved 1114112K
  class space    used 3390K, committed 3520K, reserved 1048576K
}
Event: 13.336 GC heap after
{Heap after GC invocations=6 (full 0):
 garbage-first heap   total 58368K, used 16566K [0x00000000c0000000, 0x0000000100000000)
  region size 1024K, 1 young (1024K), 1 survivors (1024K)
 Metaspace       used 27177K, committed 27456K, reserved 1114112K
  class space    used 3390K, committed 3520K, reserved 1048576K
}
Event: 15.005 GC heap before
{Heap before GC invocations=6 (full 0):
 garbage-first heap   total 58368K, used 36022K [0x00000000c0000000, 0x0000000100000000)
  region size 1024K, 21 young (21504K), 1 survivors (1024K)
 Metaspace       used 30209K, committed 30592K, reserved 1114112K
  class space    used 3796K, committed 3968K, reserved 1048576K
}
Event: 15.012 GC heap after
{Heap after GC invocations=7 (full 0):
 garbage-first heap   total 58368K, used 17941K [0x00000000c0000000, 0x0000000100000000)
  region size 1024K, 3 young (3072K), 3 survivors (3072K)
 Metaspace       used 30209K, committed 30592K, reserved 1114112K
  class space    used 3796K, committed 3968K, reserved 1048576K
}
Event: 16.258 GC heap before
{Heap before GC invocations=7 (full 0):
 garbage-first heap   total 58368K, used 37397K [0x00000000c0000000, 0x0000000100000000)
  region size 1024K, 23 young (23552K), 3 survivors (3072K)
 Metaspace       used 32879K, committed 33216K, reserved 1114112K
  class space    used 4204K, committed 4352K, reserved 1048576K
}
Event: 16.281 GC heap after
{Heap after GC invocations=8 (full 0):
 garbage-first heap   total 58368K, used 20315K [0x00000000c0000000, 0x0000000100000000)
  region size 1024K, 3 young (3072K), 3 survivors (3072K)
 Metaspace       used 32879K, committed 33216K, reserved 1114112K
  class space    used 4204K, committed 4352K, reserved 1048576K
}
Event: 20.868 GC heap before
{Heap before GC invocations=8 (full 0):
 garbage-first heap   total 58368K, used 32603K [0x00000000c0000000, 0x0000000100000000)
  region size 1024K, 16 young (16384K), 3 survivors (3072K)
 Metaspace       used 35656K, committed 35968K, reserved 1114112K
  class space    used 4614K, committed 4736K, reserved 1048576K
}
Event: 20.898 GC heap after
{Heap after GC invocations=9 (full 0):
 garbage-first heap   total 58368K, used 21488K [0x00000000c0000000, 0x0000000100000000)
  region size 1024K, 2 young (2048K), 2 survivors (2048K)
 Metaspace       used 35656K, committed 35968K, reserved 1114112K
  class space    used 4614K, committed 4736K, reserved 1048576K
}
Event: 95.082 GC heap before
{Heap before GC invocations=10 (full 0):
 garbage-first heap   total 58368K, used 38896K [0x00000000c0000000, 0x0000000100000000)
  region size 1024K, 20 young (20480K), 2 survivors (2048K)
 Metaspace       used 39034K, committed 39488K, reserved 1114112K
  class space    used 5175K, committed 5376K, reserved 1048576K
}
Event: 95.699 GC heap after
{Heap after GC invocations=11 (full 1):
 garbage-first heap   total 58368K, used 20996K [0x00000000c0000000, 0x0000000100000000)
  region size 1024K, 0 young (0K), 0 survivors (0K)
 Metaspace       used 39034K, committed 39488K, reserved 1114112K
  class space    used 5175K, committed 5376K, reserved 1048576K
}
Event: 109.027 GC heap before
{Heap before GC invocations=11 (full 1):
 garbage-first heap   total 58368K, used 20996K [0x00000000c0000000, 0x0000000100000000)
  region size 1024K, 1 young (1024K), 0 survivors (0K)
 Metaspace       used 39034K, committed 39488K, reserved 1114112K
  class space    used 5175K, committed 5376K, reserved 1048576K
}
Event: 111.705 GC heap after
{Heap after GC invocations=12 (full 2):
 garbage-first heap   total 58368K, used 17393K [0x00000000c0000000, 0x0000000100000000)
  region size 1024K, 0 young (0K), 0 survivors (0K)
 Metaspace       used 38902K, committed 39488K, reserved 1114112K
  class space    used 5142K, committed 5376K, reserved 1048576K
}

Dll operation events (8 events):
Event: 0.118 Loaded shared library c:\Users\jensc_p34tez8\.vscode\extensions\redhat.java-1.23.0-win32-x64\jre\17.0.8.1-win32-x86_64\bin\java.dll
Event: 6.135 Loaded shared library C:\Users\jensc_p34tez8\.vscode\extensions\redhat.java-1.23.0-win32-x64\jre\17.0.8.1-win32-x86_64\bin\net.dll
Event: 6.145 Loaded shared library C:\Users\jensc_p34tez8\.vscode\extensions\redhat.java-1.23.0-win32-x64\jre\17.0.8.1-win32-x86_64\bin\nio.dll
Event: 6.166 Loaded shared library C:\Users\jensc_p34tez8\.vscode\extensions\redhat.java-1.23.0-win32-x64\jre\17.0.8.1-win32-x86_64\bin\zip.dll
Event: 7.781 Loaded shared library C:\Users\jensc_p34tez8\.vscode\extensions\redhat.java-1.23.0-win32-x64\jre\17.0.8.1-win32-x86_64\bin\jimage.dll
Event: 16.113 Loaded shared library c:\Users\jensc_p34tez8\.vscode\extensions\redhat.java-1.23.0-win32-x64\jre\17.0.8.1-win32-x86_64\bin\verify.dll
Event: 21.217 Loaded shared library C:\Users\jensc_p34tez8\.vscode\extensions\redhat.java-1.23.0-win32-x64\jre\17.0.8.1-win32-x86_64\bin\management.dll
Event: 21.383 Loaded shared library C:\Users\jensc_p34tez8\.vscode\extensions\redhat.java-1.23.0-win32-x64\jre\17.0.8.1-win32-x86_64\bin\management_ext.dll

Deoptimization events (4 events):
Event: 12.707 Thread 0x000001701f8c0920 DEOPT PACKING pc=0x00000170229f9e99 sp=0x000000256b2fd190
Event: 12.707 Thread 0x000001701f8c0920 DEOPT UNPACKING pc=0x000001702258ace3 sp=0x000000256b2fc670 mode 3
Event: 29.679 Thread 0x000001702a97f1a0 DEOPT PACKING pc=0x0000017022801fb5 sp=0x000000256d0fd570
Event: 29.680 Thread 0x000001702a97f1a0 DEOPT UNPACKING pc=0x000001702258ace3 sp=0x000000256d0fca98 mode 3

Classes unloaded (20 events):
Event: 109.136 Thread 0x000001702a69b260 Unloading class 0x0000000100221c00 'java/lang/invoke/LambdaForm$MH+0x0000000100221c00'
Event: 109.137 Thread 0x000001702a69b260 Unloading class 0x0000000100211800 'java/lang/invoke/LambdaForm$DMH+0x0000000100211800'
Event: 109.139 Thread 0x000001702a69b260 Unloading class 0x0000000100092000 'java/lang/invoke/LambdaForm$MH+0x0000000100092000'
Event: 109.139 Thread 0x000001702a69b260 Unloading class 0x0000000100091c00 'java/lang/invoke/LambdaForm$MH+0x0000000100091c00'
Event: 109.139 Thread 0x000001702a69b260 Unloading class 0x0000000100091800 'java/lang/invoke/LambdaForm$MH+0x0000000100091800'
Event: 109.139 Thread 0x000001702a69b260 Unloading class 0x0000000100091400 'java/lang/invoke/LambdaForm$MH+0x0000000100091400'
Event: 109.139 Thread 0x000001702a69b260 Unloading class 0x0000000100091000 'java/lang/invoke/LambdaForm$MH+0x0000000100091000'
Event: 109.139 Thread 0x000001702a69b260 Unloading class 0x0000000100090c00 'java/lang/invoke/LambdaForm$MH+0x0000000100090c00'
Event: 109.139 Thread 0x000001702a69b260 Unloading class 0x0000000100090800 'java/lang/invoke/LambdaForm$MH+0x0000000100090800'
Event: 109.140 Thread 0x000001702a69b260 Unloading class 0x0000000100090400 'java/lang/invoke/LambdaForm$MH+0x0000000100090400'
Event: 109.140 Thread 0x000001702a69b260 Unloading class 0x000000010008b800 'java/lang/invoke/LambdaForm$MH+0x000000010008b800'
Event: 109.141 Thread 0x000001702a69b260 Unloading class 0x000000010008b400 'java/lang/invoke/LambdaForm$MH+0x000000010008b400'
Event: 109.141 Thread 0x000001702a69b260 Unloading class 0x000000010008b000 'java/lang/invoke/LambdaForm$MH+0x000000010008b000'
Event: 109.141 Thread 0x000001702a69b260 Unloading class 0x000000010008ac00 'java/lang/invoke/LambdaForm$MH+0x000000010008ac00'
Event: 109.141 Thread 0x000001702a69b260 Unloading class 0x000000010008a800 'java/lang/invoke/LambdaForm$MH+0x000000010008a800'
Event: 109.141 Thread 0x000001702a69b260 Unloading class 0x000000010008a400 'java/lang/invoke/LambdaForm$MH+0x000000010008a400'
Event: 109.142 Thread 0x000001702a69b260 Unloading class 0x0000000100089c00 'java/lang/invoke/LambdaForm$MH+0x0000000100089c00'
Event: 109.142 Thread 0x000001702a69b260 Unloading class 0x0000000100089400 'java/lang/invoke/LambdaForm$MH+0x0000000100089400'
Event: 109.142 Thread 0x000001702a69b260 Unloading class 0x0000000100088c00 'java/lang/invoke/LambdaForm$MH+0x0000000100088c00'
Event: 109.142 Thread 0x000001702a69b260 Unloading class 0x0000000100088400 'java/lang/invoke/LambdaForm$MH+0x0000000100088400'

Classes redefined (0 events):
No events

Internal exceptions (20 events):
Event: 14.268 Thread 0x000001701f8c0920 Exception <a 'java/lang/NoSuchMethodError'{0x00000000c2afad38}: 'java.lang.Object java.lang.invoke.DirectMethodHandle$Holder.invokeSpecial(java.lang.Object, java.lang.Object, int, java.lang.Object, java.lang.Object)'> (0x00000000c2afad38) 
thrown [s\src\hotspot\share\interpreter\linkResolver.cpp, line 759]
Event: 14.269 Thread 0x000001701f8c0920 Exception <a 'java/lang/NoSuchMethodError'{0x00000000c2afe9e0}: 'java.lang.Object java.lang.invoke.DelegatingMethodHandle$Holder.delegate(java.lang.Object, int, java.lang.Object, java.lang.Object)'> (0x00000000c2afe9e0) 
thrown [s\src\hotspot\share\interpreter\linkResolver.cpp, line 759]
Event: 14.272 Thread 0x000001701f8c0920 Exception <a 'java/lang/NoSuchMethodError'{0x00000000c290f8a0}: 'int java.lang.invoke.Invokers$Holder.linkToTargetMethod(java.lang.Object, java.lang.Object, java.lang.Object)'> (0x00000000c290f8a0) 
thrown [s\src\hotspot\share\interpreter\linkResolver.cpp, line 759]
Event: 14.462 Thread 0x000001701f8c0920 Exception <a 'java/lang/NoSuchMethodError'{0x00000000c278fc60}: 'void java.lang.invoke.DirectMethodHandle$Holder.invokeSpecial(java.lang.Object, java.lang.Object, java.lang.Object, java.lang.Object, java.lang.Object, java.lang.Object)'> (0x00000000c278fc60) 
thrown [s\src\hotspot\share\interpreter\linkResolver.cpp, line 759]
Event: 14.576 Thread 0x000001701f8c0920 Exception <a 'java/lang/NoSuchMethodError'{0x00000000c2523f00}: 'java.lang.Object java.lang.invoke.DirectMethodHandle$Holder.invokeStaticInit(java.lang.Object, int, int, int, int)'> (0x00000000c2523f00) 
thrown [s\src\hotspot\share\interpreter\linkResolver.cpp, line 759]
Event: 14.940 Thread 0x000001701f8c0920 Exception <a 'java/lang/NoSuchMethodError'{0x00000000c2595fc8}: 'java.lang.Object java.lang.invoke.DirectMethodHandle$Holder.invokeStaticInit(java.lang.Object, java.lang.Object, int, int, int, int)'> (0x00000000c2595fc8) 
thrown [s\src\hotspot\share\interpreter\linkResolver.cpp, line 759]
Event: 15.470 Thread 0x000001701f8c0920 Exception <a 'java/lang/NoSuchMethodError'{0x00000000c3259ee0}: 'void java.lang.invoke.DirectMethodHandle$Holder.invokeSpecialIFC(java.lang.Object, java.lang.Object, java.lang.Object)'> (0x00000000c3259ee0) 
thrown [s\src\hotspot\share\interpreter\linkResolver.cpp, line 759]
Event: 16.654 Thread 0x000001701f8c0920 Exception <a 'java/lang/NoSuchMethodError'{0x00000000c628e800}: 'void java.lang.invoke.DirectMethodHandle$Holder.invokeSpecial(java.lang.Object, java.lang.Object, java.lang.Object, java.lang.Object, java.lang.Object, java.lang.Object, java.lang.Object)'> (0x00000000c628e800) 
thrown [s\src\hotspot\share\interpreter\linkResolver.cpp, line 759]
Event: 16.655 Thread 0x000001701f8c0920 Exception <a 'java/lang/NoSuchMethodError'{0x00000000c6299020}: 'java.lang.Object java.lang.invoke.DirectMethodHandle$Holder.newInvokeSpecial(java.lang.Object, java.lang.Object, java.lang.Object, java.lang.Object, java.lang.Object, java.lang.Object)'> (0x00000000c6299020) 
thrown [s\src\hotspot\share\interpreter\linkResolver.cpp, line 759]
Event: 17.972 Thread 0x000001701f8c0920 Exception <a 'java/lang/NoSuchMethodError'{0x00000000c31849c0}: 'java.lang.Object java.lang.invoke.DirectMethodHandle$Holder.invokeInterface(java.lang.Object, java.lang.Object, int)'> (0x00000000c31849c0) 
thrown [s\src\hotspot\share\interpreter\linkResolver.cpp, line 759]
Event: 17.989 Thread 0x000001701f8c0920 Exception <a 'java/lang/IncompatibleClassChangeError'{0x00000000c3197b88}: Found class java.lang.Object, but interface was expected> (0x00000000c3197b88) 
thrown [s\src\hotspot\share\interpreter\linkResolver.cpp, line 826]
Event: 20.526 Thread 0x000001701f8c0920 Exception <a 'java/lang/NoSuchMethodError'{0x00000000c2c59bb0}: 'java.lang.Object java.lang.invoke.DirectMethodHandle$Holder.newInvokeSpecial(java.lang.Object, java.lang.Object, int, java.lang.Object, java.lang.Object)'> (0x00000000c2c59bb0) 
thrown [s\src\hotspot\share\interpreter\linkResolver.cpp, line 759]
Event: 20.534 Thread 0x000001701f8c0920 Exception <a 'java/lang/NoSuchMethodError'{0x00000000c2c6bfa0}: 'java.lang.Object java.lang.invoke.DirectMethodHandle$Holder.invokeSpecial(java.lang.Object, java.lang.Object, int, java.lang.Object, int, java.lang.Object)'> (0x00000000c2c6bfa0) 
thrown [s\src\hotspot\share\interpreter\linkResolver.cpp, line 759]
Event: 20.556 Thread 0x000001701f8c0920 Exception <a 'java/lang/NoSuchMethodError'{0x00000000c2c73da8}: 'java.lang.Object java.lang.invoke.DirectMethodHandle$Holder.newInvokeSpecial(java.lang.Object, java.lang.Object, int, java.lang.Object, int)'> (0x00000000c2c73da8) 
thrown [s\src\hotspot\share\interpreter\linkResolver.cpp, line 759]
Event: 20.557 Thread 0x000001701f8c0920 Exception <a 'java/lang/NoSuchMethodError'{0x00000000c2c77ea8}: 'java.lang.Object java.lang.invoke.DirectMethodHandle$Holder.invokeSpecial(java.lang.Object, java.lang.Object, java.lang.Object, int, java.lang.Object, int)'> (0x00000000c2c77ea8) 
thrown [s\src\hotspot\share\interpreter\linkResolver.cpp, line 759]
Event: 54.426 Thread 0x00000170302958d0 Exception <a 'java/lang/NoSuchMethodError'{0x00000000c2f62980}: 'java.lang.Object java.lang.invoke.DirectMethodHandle$Holder.invokeStatic(java.lang.Object, java.lang.Object, java.lang.Object, int, java.lang.Object, java.lang.Object)'> (0x00000000c2f62980) 
thrown [s\src\hotspot\share\interpreter\linkResolver.cpp, line 759]
Event: 56.050 Thread 0x00000170301f94b0 Exception <a 'java/lang/NoSuchMethodError'{0x00000000c28c8eb0}: 'int java.lang.invoke.DirectMethodHandle$Holder.invokeStatic(java.lang.Object)'> (0x00000000c28c8eb0) 
thrown [s\src\hotspot\share\interpreter\linkResolver.cpp, line 759]
Event: 56.051 Thread 0x00000170301f94b0 Exception <a 'java/lang/NoSuchMethodError'{0x00000000c28cc2b0}: 'int java.lang.invoke.DirectMethodHandle$Holder.invokeStaticInit(java.lang.Object)'> (0x00000000c28cc2b0) 
thrown [s\src\hotspot\share\interpreter\linkResolver.cpp, line 759]
Event: 91.358 Thread 0x000001702f58e630 Exception <a 'java/lang/NoSuchMethodError'{0x00000000c2fe0fc8}: 'void java.lang.invoke.DirectMethodHandle$Holder.invokeStatic(java.lang.Object, long)'> (0x00000000c2fe0fc8) 
thrown [s\src\hotspot\share\interpreter\linkResolver.cpp, line 759]
Event: 91.443 Thread 0x000001702f58e630 Exception <a 'java/lang/NoSuchMethodError'{0x00000000c2fe6370}: 'java.lang.Object java.lang.invoke.DirectMethodHandle$Holder.newInvokeSpecial(java.lang.Object, long)'> (0x00000000c2fe6370) 
thrown [s\src\hotspot\share\interpreter\linkResolver.cpp, line 759]

VM Operations (20 events):
Event: 27.471 Executing VM operation: Cleanup done
Event: 30.499 Executing VM operation: Cleanup
Event: 31.098 Executing VM operation: Cleanup done
Event: 40.408 Executing VM operation: Cleanup
Event: 40.411 Executing VM operation: Cleanup done
Event: 56.394 Executing VM operation: HandshakeAllThreads
Event: 56.395 Executing VM operation: HandshakeAllThreads done
Event: 56.395 Executing VM operation: Cleanup
Event: 56.398 Executing VM operation: Cleanup done
Event: 57.403 Executing VM operation: Cleanup
Event: 57.403 Executing VM operation: Cleanup done
Event: 60.240 Executing VM operation: HandshakeAllThreads
Event: 60.240 Executing VM operation: HandshakeAllThreads done
Event: 91.689 Executing VM operation: HandshakeAllThreads
Event: 91.827 Executing VM operation: HandshakeAllThreads done
Event: 95.060 Executing VM operation: G1CollectFull
Event: 95.700 Executing VM operation: G1CollectFull done
Event: 108.992 Executing VM operation: G1CollectFull
Event: 111.708 Executing VM operation: G1CollectFull done
Event: 128.339 Executing VM operation: G1CollectFull

Events (20 events):
Event: 56.254 loading class java/util/EmptyStackException done
Event: 56.334 loading class java/io/InvalidClassException
Event: 56.340 loading class java/io/InvalidClassException done
Event: 56.383 loading class java/util/ArrayList$ListItr
Event: 56.387 loading class java/util/ArrayList$ListItr done
Event: 56.520 loading class java/util/regex/Pattern$1
Event: 56.522 loading class java/util/regex/Pattern$1 done
Event: 90.956 loading class java/lang/ProcessBuilder
Event: 91.161 loading class java/lang/ProcessBuilder done
Event: 91.170 loading class java/lang/ProcessImpl
Event: 91.188 loading class java/lang/ProcessImpl done
Event: 91.456 loading class java/lang/ProcessImpl$2
Event: 91.465 loading class java/lang/ProcessImpl$2 done
Event: 91.495 loading class java/lang/Process$PipeInputStream
Event: 91.508 loading class java/lang/Process$PipeInputStream done
Event: 91.828 loading class jdk/internal/event/ProcessStartEvent
Event: 92.025 loading class jdk/internal/event/ProcessStartEvent done
Event: 95.041 loading class java/io/FileOutputStream$1
Event: 95.047 loading class java/io/FileOutputStream$1 done
Event: 116.272 Thread 0x00000170301f8070 Thread exited: 0x00000170301f8070


Dynamic libraries:
0x00007ff7683b0000 - 0x00007ff7683be000 	c:\Users\jensc_p34tez8\.vscode\extensions\redhat.java-1.23.0-win32-x64\jre\17.0.8.1-win32-x86_64\bin\java.exe
0x00007ffcca250000 - 0x00007ffcca467000 	C:\WINDOWS\SYSTEM32\ntdll.dll
0x00007ffcc9950000 - 0x00007ffcc9a14000 	C:\WINDOWS\System32\KERNEL32.DLL
0x00007ffcc77b0000 - 0x00007ffcc7b56000 	C:\WINDOWS\System32\KERNELBASE.dll
0x00007ffcc7d20000 - 0x00007ffcc7e31000 	C:\WINDOWS\System32\ucrtbase.dll
0x00007ffc99570000 - 0x00007ffc99587000 	c:\Users\jensc_p34tez8\.vscode\extensions\redhat.java-1.23.0-win32-x64\jre\17.0.8.1-win32-x86_64\bin\jli.dll
0x00007ffc9bed0000 - 0x00007ffc9bee9000 	c:\Users\jensc_p34tez8\.vscode\extensions\redhat.java-1.23.0-win32-x64\jre\17.0.8.1-win32-x86_64\bin\VCRUNTIME140.dll
0x00007ffcc9450000 - 0x00007ffcc95fd000 	C:\WINDOWS\System32\USER32.dll
0x00007ffcc7f80000 - 0x00007ffcc7fa6000 	C:\WINDOWS\System32\win32u.dll
0x00007ffcc9600000 - 0x00007ffcc9629000 	C:\WINDOWS\System32\GDI32.dll
0x00007ffcc7b60000 - 0x00007ffcc7c78000 	C:\WINDOWS\System32\gdi32full.dll
0x00007ffcc7c80000 - 0x00007ffcc7d1a000 	C:\WINDOWS\System32\msvcp_win.dll
0x00007ffcae910000 - 0x00007ffcaeba3000 	C:\WINDOWS\WinSxS\amd64_microsoft.windows.common-controls_6595b64144ccf1df_6.0.22621.2361_none_2712ced57382f843\COMCTL32.dll
0x00007ffcca160000 - 0x00007ffcca207000 	C:\WINDOWS\System32\msvcrt.dll
0x00007ffcca0a0000 - 0x00007ffcca0d1000 	C:\WINDOWS\System32\IMM32.DLL
0x00007ffca9300000 - 0x00007ffca930c000 	c:\Users\jensc_p34tez8\.vscode\extensions\redhat.java-1.23.0-win32-x64\jre\17.0.8.1-win32-x86_64\bin\vcruntime140_1.dll
0x00007ffc5fc70000 - 0x00007ffc5fd01000 	c:\Users\jensc_p34tez8\.vscode\extensions\redhat.java-1.23.0-win32-x64\jre\17.0.8.1-win32-x86_64\bin\msvcp140.dll
0x00007ffc225f0000 - 0x00007ffc2323c000 	c:\Users\jensc_p34tez8\.vscode\extensions\redhat.java-1.23.0-win32-x64\jre\17.0.8.1-win32-x86_64\bin\server\jvm.dll
0x00007ffcc8640000 - 0x00007ffcc86f0000 	C:\WINDOWS\System32\ADVAPI32.dll
0x00007ffcc9ef0000 - 0x00007ffcc9f96000 	C:\WINDOWS\System32\sechost.dll
0x00007ffcc84c0000 - 0x00007ffcc85d7000 	C:\WINDOWS\System32\RPCRT4.dll
0x00007ffcc6690000 - 0x00007ffcc66dd000 	C:\WINDOWS\SYSTEM32\POWRPROF.dll
0x00007ffcb5f00000 - 0x00007ffcb5f34000 	C:\WINDOWS\SYSTEM32\WINMM.dll
0x00007ffcbad70000 - 0x00007ffcbad79000 	C:\WINDOWS\SYSTEM32\WSOCK32.dll
0x00007ffcc0170000 - 0x00007ffcc017a000 	C:\WINDOWS\SYSTEM32\VERSION.dll
0x00007ffcc7fd0000 - 0x00007ffcc8041000 	C:\WINDOWS\System32\WS2_32.dll
0x00007ffcc6670000 - 0x00007ffcc6683000 	C:\WINDOWS\SYSTEM32\UMPDC.dll
0x00007ffcc65e0000 - 0x00007ffcc65f8000 	C:\WINDOWS\SYSTEM32\kernel.appcore.dll
0x00007ffca9180000 - 0x00007ffca918a000 	c:\Users\jensc_p34tez8\.vscode\extensions\redhat.java-1.23.0-win32-x64\jre\17.0.8.1-win32-x86_64\bin\jimage.dll
0x00007ffcc4c60000 - 0x00007ffcc4e8e000 	C:\WINDOWS\SYSTEM32\DBGHELP.DLL
0x00007ffcc8050000 - 0x00007ffcc83da000 	C:\WINDOWS\System32\combase.dll
0x00007ffcc83e0000 - 0x00007ffcc84b7000 	C:\WINDOWS\System32\OLEAUT32.dll
0x00007ffcbc120000 - 0x00007ffcbc152000 	C:\WINDOWS\SYSTEM32\dbgcore.DLL
0x00007ffcc7e40000 - 0x00007ffcc7eba000 	C:\WINDOWS\System32\bcryptPrimitives.dll
0x00007ffc97b40000 - 0x00007ffc97b65000 	c:\Users\jensc_p34tez8\.vscode\extensions\redhat.java-1.23.0-win32-x64\jre\17.0.8.1-win32-x86_64\bin\java.dll
0x00007ffc98b20000 - 0x00007ffc98b38000 	c:\Users\jensc_p34tez8\.vscode\extensions\redhat.java-1.23.0-win32-x64\jre\17.0.8.1-win32-x86_64\bin\zip.dll
0x00007ffcc86f0000 - 0x00007ffcc8f48000 	C:\WINDOWS\System32\SHELL32.dll
0x00007ffcc54e0000 - 0x00007ffcc5dd2000 	C:\WINDOWS\SYSTEM32\windows.storage.dll
0x00007ffcc53a0000 - 0x00007ffcc54de000 	C:\WINDOWS\SYSTEM32\wintypes.dll
0x00007ffcc9b00000 - 0x00007ffcc9bf3000 	C:\WINDOWS\System32\SHCORE.dll
0x00007ffcc85e0000 - 0x00007ffcc863e000 	C:\WINDOWS\System32\shlwapi.dll
0x00007ffcc7500000 - 0x00007ffcc7526000 	C:\WINDOWS\SYSTEM32\profapi.dll
0x00007ffc861c0000 - 0x00007ffc861d9000 	C:\Users\jensc_p34tez8\.vscode\extensions\redhat.java-1.23.0-win32-x64\jre\17.0.8.1-win32-x86_64\bin\net.dll
0x00007ffcc2a00000 - 0x00007ffcc2b37000 	C:\WINDOWS\SYSTEM32\WINHTTP.dll
0x00007ffcc6b40000 - 0x00007ffcc6ba9000 	C:\WINDOWS\system32\mswsock.dll
0x00007ffc75be0000 - 0x00007ffc75bf5000 	C:\Users\jensc_p34tez8\.vscode\extensions\redhat.java-1.23.0-win32-x64\jre\17.0.8.1-win32-x86_64\bin\nio.dll
0x00007ffcc6db0000 - 0x00007ffcc6dcb000 	C:\WINDOWS\SYSTEM32\CRYPTSP.dll
0x00007ffcc65a0000 - 0x00007ffcc65d5000 	C:\WINDOWS\system32\rsaenh.dll
0x00007ffcc6c10000 - 0x00007ffcc6c3c000 	C:\WINDOWS\SYSTEM32\USERENV.dll
0x00007ffcc6f70000 - 0x00007ffcc6f98000 	C:\WINDOWS\SYSTEM32\bcrypt.dll
0x00007ffcc6dd0000 - 0x00007ffcc6ddc000 	C:\WINDOWS\SYSTEM32\CRYPTBASE.dll
0x00007ffcc6040000 - 0x00007ffcc606d000 	C:\WINDOWS\SYSTEM32\IPHLPAPI.DLL
0x00007ffcc9630000 - 0x00007ffcc9639000 	C:\WINDOWS\System32\NSI.dll
0x00007ffcc1400000 - 0x00007ffcc1419000 	C:\WINDOWS\SYSTEM32\dhcpcsvc6.DLL
0x00007ffcc13e0000 - 0x00007ffcc13ff000 	C:\WINDOWS\SYSTEM32\dhcpcsvc.DLL
0x00007ffcc60b0000 - 0x00007ffcc61a9000 	C:\WINDOWS\SYSTEM32\DNSAPI.dll
0x00007ffc9f5d0000 - 0x00007ffc9f5e0000 	c:\Users\jensc_p34tez8\.vscode\extensions\redhat.java-1.23.0-win32-x64\jre\17.0.8.1-win32-x86_64\bin\verify.dll
0x00007ffc96650000 - 0x00007ffc96659000 	C:\Users\jensc_p34tez8\.vscode\extensions\redhat.java-1.23.0-win32-x64\jre\17.0.8.1-win32-x86_64\bin\management.dll
0x00007ffc903e0000 - 0x00007ffc903eb000 	C:\Users\jensc_p34tez8\.vscode\extensions\redhat.java-1.23.0-win32-x64\jre\17.0.8.1-win32-x86_64\bin\management_ext.dll
0x00007ffcca130000 - 0x00007ffcca138000 	C:\WINDOWS\System32\PSAPI.DLL

dbghelp: loaded successfully - version: 4.0.5 - missing functions: none
symbol engine: initialized successfully - sym options: 0x614 - pdb path: .;c:\Users\jensc_p34tez8\.vscode\extensions\redhat.java-1.23.0-win32-x64\jre\17.0.8.1-win32-x86_64\bin;C:\WINDOWS\SYSTEM32;C:\WINDOWS\WinSxS\amd64_microsoft.windows.common-controls_6595b64144ccf1df_6.0.22621.2361_none_2712ced57382f843;c:\Users\jensc_p34tez8\.vscode\extensions\redhat.java-1.23.0-win32-x64\jre\17.0.8.1-win32-x86_64\bin\server

VM Arguments:
jvm_args: -XX:+HeapDumpOnOutOfMemoryError -Xmx1024m -Dsts.lsp.client=vscode -Dsts.log.file=/dev/null -XX:TieredStopAtLevel=1 -Xlog:jni+resolve=off -Dspring.config.location=file:c:\Users\jensc_p34tez8\.vscode\extensions\vmware.vscode-spring-boot-1.49.0\language-server\BOOT-INF\classes\application.properties 
java_command: org.springframework.ide.vscode.boot.app.BootLanguageServerBootApp
java_class_path (initial): c:\Users\jensc_p34tez8\.vscode\extensions\vmware.vscode-spring-boot-1.49.0\language-server\BOOT-INF\classes;c:\Users\jensc_p34tez8\.vscode\extensions\vmware.vscode-spring-boot-1.49.0\language-server\BOOT-INF\lib\annotations-24.0.1.jar;c:\Users\jensc_p34tez8\.vscode\extensions\vmware.vscode-spring-boot-1.49.0\language-server\BOOT-INF\lib\antlr-runtime-3.5.3.jar;c:\Users\jensc_p34tez8\.vscode\extensions\vmware.vscode-spring-boot-1.49.0\language-server\BOOT-INF\lib\antlr4-4.11.1.jar;c:\Users\jensc_p34tez8\.vscode\extensions\vmware.vscode-spring-boot-1.49.0\language-server\BOOT-INF\lib\antlr4-runtime-4.11.1.jar;c:\Users\jensc_p34tez8\.vscode\extensions\vmware.vscode-spring-boot-1.49.0\language-server\BOOT-INF\lib\archunit-1.1.0.jar;c:\Users\jensc_p34tez8\.vscode\extensions\vmware.vscode-spring-boot-1.49.0\language-server\BOOT-INF\lib\asm-9.5.jar;c:\Users\jensc_p34tez8\.vscode\extensions\vmware.vscode-spring-boot-1.49.0\language-server\BOOT-INF\lib\asm-analysis-9.5.jar;c:\Users\jensc_p34tez8\.vscode\extensions\vmware.vscode-spring-boot-1.49.0\language-server\BOOT-INF\lib\asm-tree-9.5.jar;c:\Users\jensc_p34tez8\.vscode\extensions\vmware.vscode-spring-boot-1.49.0\language-server\BOOT-INF\lib\asm-util-9.5.jar;c:\Users\jensc_p34tez8\.vscode\extensions\vmware.vscode-spring-boot-1.49.0\language-server\BOOT-INF\lib\bosh-language-server-1.49.0-SNAPSHOT.jar;c:\Users\jensc_p34tez8\.vscode\extensions\vmware.vscode-spring-boot-1.49.0\language-server\BOOT-INF\lib\caffeine-3.1.6.jar;c:\Users\jensc_p34tez8\.vscode\extensions\vmware.vscode-spring-boot-1.49.0\language-server\BOOT-INF\lib\checker-qual-3.12.0.jar;c:\Users\jensc_p34tez8\.vscode\extensions\vmware.vscode-spring-boot-1.49.0\language-server\BOOT-INF\lib\classgraph-4.8.149.jar;c:\Users\jensc_p34tez8\.vscode\extensions\vmware.vscode-spring-boot-1.49.0\language-server\BOOT-INF\lib\commons-codec-1.15.jar;c:\Users\jensc_p34tez8\.vscode\extensions\vmware.vscode-spring-boot-1.49.0\language-server\BOOT-INF\
Launcher Type: SUN_STANDARD

[Global flags]
     intx CICompilerCount                          = 4                                         {product} {ergonomic}
     uint ConcGCThreads                            = 2                                         {product} {ergonomic}
     uint G1ConcRefinementThreads                  = 8                                         {product} {ergonomic}
   size_t G1HeapRegionSize                         = 1048576                                   {product} {ergonomic}
    uintx GCDrainStackTargetSize                   = 64                                        {product} {ergonomic}
     bool HeapDumpOnOutOfMemoryError               = true                                   {manageable} {command line}
   size_t InitialHeapSize                          = 130023424                                 {product} {ergonomic}
   size_t MarkStackSize                            = 4194304                                   {product} {ergonomic}
   size_t MaxHeapSize                              = 1073741824                                {product} {command line}
   size_t MaxNewSize                               = 643825664                                 {product} {ergonomic}
   size_t MinHeapDeltaBytes                        = 1048576                                   {product} {ergonomic}
   size_t MinHeapSize                              = 8388608                                   {product} {ergonomic}
    uintx NonProfiledCodeHeapSize                  = 0                                      {pd product} {ergonomic}
     bool ProfileInterpreter                       = false                                  {pd product} {command line}
    uintx ProfiledCodeHeapSize                     = 0                                      {pd product} {ergonomic}
   size_t SoftMaxHeapSize                          = 1073741824                             {manageable} {ergonomic}
     intx TieredStopAtLevel                        = 1                                         {product} {command line}
     bool UseCompressedClassPointers               = true                           {product lp64_product} {ergonomic}
     bool UseCompressedOops                        = true                           {product lp64_product} {ergonomic}
     bool UseG1GC                                  = true                                      {product} {ergonomic}
     bool UseLargePagesIndividualAllocation        = false                                  {pd product} {ergonomic}

Logging:
Log output configuration:
 #0: stdout all=warning,jni+resolve=off uptime,level,tags
 #1: stderr all=off uptime,level,tags

Environment Variables:
PATH=C:\Program Files\Common Files\Oracle\Java\javapath;C:\windows\system32;C:\windows;C:\windows\System32\Wbem;C:\windows\System32\WindowsPowerShell\v1.0\;C:\windows\System32\OpenSSH\;C:\Program Files\Microsoft SQL Server\130\Tools\Binn\;C:\Program Files\Microsoft SQL Server\Client SDK\ODBC\170\Tools\Binn\;C:\Program Files\dotnet\;C:\WINDOWS\system32;C:\WINDOWS;C:\WINDOWS\System32\Wbem;C:\WINDOWS\System32\WindowsPowerShell\v1.0\;C:\WINDOWS\System32\OpenSSH\;C:\Program Files\Git\cmd;C:\Users\JenSc\nodejs\;C:\Program Files (x86)\Microsoft SQL Server\160\DTS\Binn\;C:\Program Files\Azure Data Studio\bin;C:\Program Files\Docker\Docker\resources\bin;C:\Users\jensc_p34tez8\AppData\Local\Microsoft\WindowsApps;C:\Users\jensc_p34tez8\AppData\Local\Programs\Microsoft VS Code\bin;C:\Users\jensc_p34tez8\AppData\Local\GitHubDesktop\bin;C:\Program Files\JetBrains\IntelliJ IDEA Community Edition 2023.2.2\bin;
USERNAME=jensc_p34tez8
OS=Windows_NT
PROCESSOR_IDENTIFIER=Intel64 Family 6 Model 140 Stepping 1, GenuineIntel
TMP=C:\Users\JENSC_~1\AppData\Local\Temp
TEMP=C:\Users\JENSC_~1\AppData\Local\Temp



---------------  S Y S T E M  ---------------

OS:
 Windows 11 , 64 bit Build 22621 (10.0.22621.2428)
OS uptime: 3 days 13:14 hours
Hyper-V role detected

CPU: total 8 (initial active 8) (4 cores per cpu, 2 threads per core) family 6 model 140 stepping 1 microcode 0x9a, cx8, cmov, fxsr, ht, mmx, 3dnowpref, sse, sse2, sse3, ssse3, sse4.1, sse4.2, popcnt, lzcnt, tsc, tscinvbit, avx, avx2, aes, erms, clmul, bmi1, bmi2, adx, avx512f, avx512dq, avx512cd, avx512bw, avx512vl, sha, fma, vzeroupper, avx512_vpopcntdq, avx512_vpclmulqdq, avx512_vaes, avx512_vnni, clflush, clflushopt, clwb, avx512_vbmi2, avx512_vbmi, hv
Processor Information for all 8 processors :
  Max Mhz: 2419, Current Mhz: 2419, Mhz Limit: 2419

Memory: 4k page, system-wide physical 7882M (14M free)
TotalPageFile size 32458M (AvailPageFile size 0M)
current process WorkingSet (physical memory assigned to process): 2M, peak: 121M
current process commit charge ("private bytes"): 184M, peak: 227M

vm_info: OpenJDK 64-Bit Server VM (17.0.8.1+1) for windows-amd64 JRE (17.0.8.1+1), built on Aug 23 2023 15:29:17 by "admin" with MS VC++ 16.7 (VS2019)

END.
